SF:lib/src/extension.dart
DA:2,1
DA:3,2
DA:6,1
DA:7,1
LF:4
LH:4
end_of_record
SF:lib/src/model/card_type.dart
DA:2,1
DA:140,1
DA:141,1
DA:142,1
DA:143,1
DA:144,1
DA:145,1
DA:146,1
DA:147,1
DA:148,1
DA:149,1
DA:152,1
DA:154,10
DA:157,1
DA:160,1
DA:161,3
DA:162,3
DA:163,0
DA:164,0
DA:165,0
DA:166,0
DA:167,0
DA:168,0
DA:169,0
DA:170,0
DA:172,1
DA:174,3
DA:175,3
DA:176,3
DA:177,3
DA:178,3
DA:179,3
DA:180,3
DA:181,3
DA:182,2
LF:35
LH:27
end_of_record
SF:lib/src/utility.dart
DA:6,0
DA:8,1
DA:13,1
DA:15,1
DA:19,2
DA:20,3
DA:28,1
DA:29,1
DA:33,1
DA:34,1
DA:35,1
DA:39,1
DA:40,4
DA:44,1
DA:45,1
DA:51,1
DA:52,3
DA:53,1
DA:56,2
DA:57,3
DA:59,1
DA:60,1
DA:62,6
DA:66,3
DA:69,1
DA:70,1
DA:71,1
DA:72,2
DA:73,2
DA:74,3
DA:77,1
DA:80,1
DA:83,1
DA:84,2
DA:88,1
DA:89,1
DA:90,2
DA:94,1
DA:95,2
DA:99,1
DA:100,2
DA:101,1
DA:102,1
DA:106,1
DA:107,2
DA:114,1
DA:115,1
DA:119,1
DA:120,1
DA:124,3
LF:50
LH:49
end_of_record
